{"total": {"lines":{"total":1336,"covered":977,"skipped":0,"pct":73.12},"statements":{"total":1365,"covered":992,"skipped":0,"pct":72.67},"functions":{"total":178,"covered":109,"skipped":0,"pct":61.23},"branches":{"total":1115,"covered":745,"skipped":0,"pct":66.81},"branchesTrue":{"total":0,"covered":0,"skipped":0,"pct":100}}
,"C:\\Users\\hegyi\\Documents\\GitHub\\gau\\packages\\gau\\src\\adapters\\index.ts": {"lines":{"total":0,"covered":0,"skipped":0,"pct":0},"functions":{"total":0,"covered":0,"skipped":0,"pct":0},"statements":{"total":0,"covered":0,"skipped":0,"pct":0},"branches":{"total":0,"covered":0,"skipped":0,"pct":0}}
,"C:\\Users\\hegyi\\Documents\\GitHub\\gau\\packages\\gau\\src\\adapters\\drizzle\\index.ts": {"lines":{"total":7,"covered":0,"skipped":0,"pct":0},"functions":{"total":1,"covered":0,"skipped":0,"pct":0},"statements":{"total":7,"covered":0,"skipped":0,"pct":0},"branches":{"total":6,"covered":0,"skipped":0,"pct":0}}
,"C:\\Users\\hegyi\\Documents\\GitHub\\gau\\packages\\gau\\src\\adapters\\drizzle\\mysql.ts": {"lines":{"total":1,"covered":0,"skipped":0,"pct":0},"functions":{"total":1,"covered":0,"skipped":0,"pct":0},"statements":{"total":1,"covered":0,"skipped":0,"pct":0},"branches":{"total":0,"covered":0,"skipped":0,"pct":100}}
,"C:\\Users\\hegyi\\Documents\\GitHub\\gau\\packages\\gau\\src\\adapters\\drizzle\\pg.ts": {"lines":{"total":29,"covered":0,"skipped":0,"pct":0},"functions":{"total":14,"covered":0,"skipped":0,"pct":0},"statements":{"total":29,"covered":0,"skipped":0,"pct":0},"branches":{"total":18,"covered":0,"skipped":0,"pct":0}}
,"C:\\Users\\hegyi\\Documents\\GitHub\\gau\\packages\\gau\\src\\adapters\\drizzle\\sqlite.ts": {"lines":{"total":32,"covered":0,"skipped":0,"pct":0},"functions":{"total":16,"covered":0,"skipped":0,"pct":0},"statements":{"total":32,"covered":0,"skipped":0,"pct":0},"branches":{"total":18,"covered":0,"skipped":0,"pct":0}}
,"C:\\Users\\hegyi\\Documents\\GitHub\\gau\\packages\\gau\\src\\adapters\\drizzle\\transaction.ts": {"lines":{"total":10,"covered":0,"skipped":0,"pct":0},"functions":{"total":1,"covered":0,"skipped":0,"pct":0},"statements":{"total":10,"covered":0,"skipped":0,"pct":0},"branches":{"total":4,"covered":0,"skipped":0,"pct":0}}
,"C:\\Users\\hegyi\\Documents\\GitHub\\gau\\packages\\gau\\src\\adapters\\memory\\index.ts": {"lines":{"total":61,"covered":56,"skipped":0,"pct":91.8},"functions":{"total":13,"covered":13,"skipped":0,"pct":100},"statements":{"total":61,"covered":56,"skipped":0,"pct":91.8},"branches":{"total":48,"covered":38,"skipped":0,"pct":79.16}}
,"C:\\Users\\hegyi\\Documents\\GitHub\\gau\\packages\\gau\\src\\core\\cookies.ts": {"lines":{"total":28,"covered":28,"skipped":0,"pct":100},"functions":{"total":6,"covered":6,"skipped":0,"pct":100},"statements":{"total":28,"covered":28,"skipped":0,"pct":100},"branches":{"total":2,"covered":2,"skipped":0,"pct":100}}
,"C:\\Users\\hegyi\\Documents\\GitHub\\gau\\packages\\gau\\src\\core\\createAuth.ts": {"lines":{"total":132,"covered":126,"skipped":0,"pct":95.45},"functions":{"total":14,"covered":14,"skipped":0,"pct":100},"statements":{"total":134,"covered":128,"skipped":0,"pct":95.52},"branches":{"total":189,"covered":171,"skipped":0,"pct":90.47}}
,"C:\\Users\\hegyi\\Documents\\GitHub\\gau\\packages\\gau\\src\\core\\errors.ts": {"lines":{"total":48,"covered":32,"skipped":0,"pct":66.66},"functions":{"total":6,"covered":5,"skipped":0,"pct":83.33},"statements":{"total":48,"covered":32,"skipped":0,"pct":66.66},"branches":{"total":36,"covered":26,"skipped":0,"pct":72.22}}
,"C:\\Users\\hegyi\\Documents\\GitHub\\gau\\packages\\gau\\src\\core\\handler.ts": {"lines":{"total":45,"covered":35,"skipped":0,"pct":77.77},"functions":{"total":2,"covered":2,"skipped":0,"pct":100},"statements":{"total":50,"covered":36,"skipped":0,"pct":72},"branches":{"total":44,"covered":29,"skipped":0,"pct":65.9}}
,"C:\\Users\\hegyi\\Documents\\GitHub\\gau\\packages\\gau\\src\\core\\hooks.ts": {"lines":{"total":32,"covered":22,"skipped":0,"pct":68.75},"functions":{"total":4,"covered":4,"skipped":0,"pct":100},"statements":{"total":32,"covered":22,"skipped":0,"pct":68.75},"branches":{"total":24,"covered":21,"skipped":0,"pct":87.5}}
,"C:\\Users\\hegyi\\Documents\\GitHub\\gau\\packages\\gau\\src\\core\\index.ts": {"lines":{"total":13,"covered":12,"skipped":0,"pct":92.3},"functions":{"total":6,"covered":5,"skipped":0,"pct":83.33},"statements":{"total":13,"covered":12,"skipped":0,"pct":92.3},"branches":{"total":6,"covered":5,"skipped":0,"pct":83.33}}
,"C:\\Users\\hegyi\\Documents\\GitHub\\gau\\packages\\gau\\src\\core\\templates.ts": {"lines":{"total":10,"covered":10,"skipped":0,"pct":100},"functions":{"total":5,"covered":5,"skipped":0,"pct":100},"statements":{"total":10,"covered":10,"skipped":0,"pct":100},"branches":{"total":29,"covered":20,"skipped":0,"pct":68.96}}
,"C:\\Users\\hegyi\\Documents\\GitHub\\gau\\packages\\gau\\src\\core\\utils.ts": {"lines":{"total":8,"covered":8,"skipped":0,"pct":100},"functions":{"total":1,"covered":1,"skipped":0,"pct":100},"statements":{"total":8,"covered":8,"skipped":0,"pct":100},"branches":{"total":4,"covered":4,"skipped":0,"pct":100}}
,"C:\\Users\\hegyi\\Documents\\GitHub\\gau\\packages\\gau\\src\\core\\handlers\\callback.ts": {"lines":{"total":238,"covered":217,"skipped":0,"pct":91.17},"functions":{"total":8,"covered":7,"skipped":0,"pct":87.5},"statements":{"total":242,"covered":220,"skipped":0,"pct":90.9},"branches":{"total":203,"covered":154,"skipped":0,"pct":75.86}}
,"C:\\Users\\hegyi\\Documents\\GitHub\\gau\\packages\\gau\\src\\core\\handlers\\cors.ts": {"lines":{"total":55,"covered":50,"skipped":0,"pct":90.9},"functions":{"total":3,"covered":3,"skipped":0,"pct":100},"statements":{"total":55,"covered":50,"skipped":0,"pct":90.9},"branches":{"total":50,"covered":43,"skipped":0,"pct":86}}
,"C:\\Users\\hegyi\\Documents\\GitHub\\gau\\packages\\gau\\src\\core\\handlers\\index.ts": {"lines":{"total":0,"covered":0,"skipped":0,"pct":0},"functions":{"total":0,"covered":0,"skipped":0,"pct":0},"statements":{"total":0,"covered":0,"skipped":0,"pct":0},"branches":{"total":0,"covered":0,"skipped":0,"pct":0}}
,"C:\\Users\\hegyi\\Documents\\GitHub\\gau\\packages\\gau\\src\\core\\handlers\\link.ts": {"lines":{"total":31,"covered":30,"skipped":0,"pct":96.77},"functions":{"total":3,"covered":3,"skipped":0,"pct":100},"statements":{"total":32,"covered":31,"skipped":0,"pct":96.87},"branches":{"total":24,"covered":23,"skipped":0,"pct":95.83}}
,"C:\\Users\\hegyi\\Documents\\GitHub\\gau\\packages\\gau\\src\\core\\handlers\\login.ts": {"lines":{"total":9,"covered":9,"skipped":0,"pct":100},"functions":{"total":3,"covered":3,"skipped":0,"pct":100},"statements":{"total":9,"covered":9,"skipped":0,"pct":100},"branches":{"total":4,"covered":4,"skipped":0,"pct":100}}
,"C:\\Users\\hegyi\\Documents\\GitHub\\gau\\packages\\gau\\src\\core\\handlers\\session.ts": {"lines":{"total":11,"covered":11,"skipped":0,"pct":100},"functions":{"total":1,"covered":1,"skipped":0,"pct":100},"statements":{"total":11,"covered":11,"skipped":0,"pct":100},"branches":{"total":4,"covered":4,"skipped":0,"pct":100}}
,"C:\\Users\\hegyi\\Documents\\GitHub\\gau\\packages\\gau\\src\\core\\handlers\\token.ts": {"lines":{"total":21,"covered":21,"skipped":0,"pct":100},"functions":{"total":1,"covered":1,"skipped":0,"pct":100},"statements":{"total":21,"covered":21,"skipped":0,"pct":100},"branches":{"total":10,"covered":10,"skipped":0,"pct":100}}
,"C:\\Users\\hegyi\\Documents\\GitHub\\gau\\packages\\gau\\src\\core\\handlers\\utils.ts": {"lines":{"total":94,"covered":85,"skipped":0,"pct":90.42},"functions":{"total":4,"covered":4,"skipped":0,"pct":100},"statements":{"total":94,"covered":85,"skipped":0,"pct":90.42},"branches":{"total":85,"covered":66,"skipped":0,"pct":77.64}}
,"C:\\Users\\hegyi\\Documents\\GitHub\\gau\\packages\\gau\\src\\jwt\\index.ts": {"lines":{"total":0,"covered":0,"skipped":0,"pct":0},"functions":{"total":0,"covered":0,"skipped":0,"pct":0},"statements":{"total":0,"covered":0,"skipped":0,"pct":0},"branches":{"total":0,"covered":0,"skipped":0,"pct":0}}
,"C:\\Users\\hegyi\\Documents\\GitHub\\gau\\packages\\gau\\src\\jwt\\jwt.ts": {"lines":{"total":66,"covered":65,"skipped":0,"pct":98.48},"functions":{"total":3,"covered":3,"skipped":0,"pct":100},"statements":{"total":67,"covered":66,"skipped":0,"pct":98.5},"branches":{"total":69,"covered":69,"skipped":0,"pct":100}}
,"C:\\Users\\hegyi\\Documents\\GitHub\\gau\\packages\\gau\\src\\jwt\\utils.ts": {"lines":{"total":60,"covered":56,"skipped":0,"pct":93.33},"functions":{"total":4,"covered":4,"skipped":0,"pct":100},"statements":{"total":64,"covered":58,"skipped":0,"pct":90.62},"branches":{"total":20,"covered":18,"skipped":0,"pct":90}}
,"C:\\Users\\hegyi\\Documents\\GitHub\\gau\\packages\\gau\\src\\oauth\\index.ts": {"lines":{"total":0,"covered":0,"skipped":0,"pct":0},"functions":{"total":0,"covered":0,"skipped":0,"pct":0},"statements":{"total":0,"covered":0,"skipped":0,"pct":0},"branches":{"total":0,"covered":0,"skipped":0,"pct":0}}
,"C:\\Users\\hegyi\\Documents\\GitHub\\gau\\packages\\gau\\src\\oauth\\utils.ts": {"lines":{"total":3,"covered":3,"skipped":0,"pct":100},"functions":{"total":1,"covered":1,"skipped":0,"pct":100},"statements":{"total":3,"covered":3,"skipped":0,"pct":100},"branches":{"total":0,"covered":0,"skipped":0,"pct":100}}
,"C:\\Users\\hegyi\\Documents\\GitHub\\gau\\packages\\gau\\src\\oauth\\providers\\discord.ts": {"lines":{"total":31,"covered":3,"skipped":0,"pct":9.67},"functions":{"total":6,"covered":0,"skipped":0,"pct":0},"statements":{"total":31,"covered":3,"skipped":0,"pct":9.67},"branches":{"total":29,"covered":0,"skipped":0,"pct":0}}
,"C:\\Users\\hegyi\\Documents\\GitHub\\gau\\packages\\gau\\src\\oauth\\providers\\facebook.ts": {"lines":{"total":30,"covered":3,"skipped":0,"pct":10},"functions":{"total":5,"covered":0,"skipped":0,"pct":0},"statements":{"total":31,"covered":3,"skipped":0,"pct":9.67},"branches":{"total":32,"covered":0,"skipped":0,"pct":0}}
,"C:\\Users\\hegyi\\Documents\\GitHub\\gau\\packages\\gau\\src\\oauth\\providers\\github.ts": {"lines":{"total":36,"covered":5,"skipped":0,"pct":13.88},"functions":{"total":7,"covered":1,"skipped":0,"pct":14.28},"statements":{"total":38,"covered":5,"skipped":0,"pct":13.15},"branches":{"total":23,"covered":2,"skipped":0,"pct":8.69}}
,"C:\\Users\\hegyi\\Documents\\GitHub\\gau\\packages\\gau\\src\\oauth\\providers\\google.ts": {"lines":{"total":31,"covered":5,"skipped":0,"pct":16.12},"functions":{"total":6,"covered":1,"skipped":0,"pct":16.66},"statements":{"total":31,"covered":5,"skipped":0,"pct":16.12},"branches":{"total":27,"covered":2,"skipped":0,"pct":7.4}}
,"C:\\Users\\hegyi\\Documents\\GitHub\\gau\\packages\\gau\\src\\oauth\\providers\\microsoft.ts": {"lines":{"total":81,"covered":2,"skipped":0,"pct":2.46},"functions":{"total":10,"covered":0,"skipped":0,"pct":0},"statements":{"total":84,"covered":2,"skipped":0,"pct":2.38},"branches":{"total":69,"covered":0,"skipped":0,"pct":0}}
,"C:\\Users\\hegyi\\Documents\\GitHub\\gau\\packages\\gau\\src\\solidstart\\index.ts": {"lines":{"total":42,"covered":42,"skipped":0,"pct":100},"functions":{"total":13,"covered":12,"skipped":0,"pct":92.3},"statements":{"total":47,"covered":46,"skipped":0,"pct":97.87},"branches":{"total":19,"covered":18,"skipped":0,"pct":94.73}}
,"C:\\Users\\hegyi\\Documents\\GitHub\\gau\\packages\\gau\\src\\sveltekit\\index.ts": {"lines":{"total":41,"covered":41,"skipped":0,"pct":100},"functions":{"total":10,"covered":10,"skipped":0,"pct":100},"statements":{"total":42,"covered":42,"skipped":0,"pct":100},"branches":{"total":19,"covered":16,"skipped":0,"pct":84.21}}
}
